<?xml version="1.0" encoding="UTF-8"?>
<!-- Generated by org.testng.reporters.JUnitReportReporter -->
<testsuite skipped="0" hostname="DESKTOP-V97PH2B" name="practise.AppiumFramework.Ecommerce_tc_4" tests="1" failures="0" timestamp="15 Jan 2022 15:01:58 GMT" time="36.370" errors="0">
  <testcase name="totalValidation" time="36.370" classname="practise.AppiumFramework.Ecommerce_tc_4"/>
</testsuite> <!-- practise.AppiumFramework.Ecommerce_tc_4 -->
