<?xml version="1.0" encoding="UTF-8"?>
<!-- Generated by org.testng.reporters.JUnitReportReporter -->
<testsuite skipped="0" hostname="DESKTOP-V97PH2B" name="practise.AppiumFramework.ApiDemoTest" tests="2" failures="0" timestamp="15 Jan 2022 15:01:58 GMT" time="51.115" errors="0">
  <testcase name="apiDemoTest" time="24.812" classname="practise.AppiumFramework.ApiDemoTest"/>
  <testcase name="apiDemoTest" time="26.303" classname="practise.AppiumFramework.ApiDemoTest"/>
</testsuite> <!-- practise.AppiumFramework.ApiDemoTest -->
